<?xml version="1.0" encoding="UTF-8"?>
<Site BuildName="(empty)"
	BuildStamp="20210524-0609-Experimental"
	Name="(empty)"
	Generator="ctest-3.16.3"
	CompilerName=""
	CompilerVersion=""
	OSName="Linux"
	Hostname="951245e5400a"
	OSRelease="5.10.25-linuxkit"
	OSVersion="#1 SMP PREEMPT Tue Mar 23 09:24:45 UTC 2021"
	OSPlatform="aarch64"
	Is64Bits="1"
	VendorString=""
	VendorID="Unknown Manufacturer"
	FamilyID="8"
	ModelID="0"
	ProcessorCacheSize="0"
	NumberOfLogicalCPU="4"
	NumberOfPhysicalCPU="1"
	TotalVirtualMemory="1535"
	TotalPhysicalMemory="8179"
	LogicalProcessorsPerPhysical="4"
	ProcessorClockFrequency="0"
	>
	<Testing>
		<StartDateTime>May 24 06:09 UTC</StartDateTime>
		<StartTestTime>1621836545</StartTestTime>
		<TestList>
			<Test>./Poisson2DTester.TestLinear</Test>
			<Test>./PoissonTester/std__integral_constant&lt;int,_1&gt;.MakeGrid</Test>
			<Test>./Poisson2DTester.TestLinearWithHangingNodesUsingPars</Test>
			<Test>./Poisson2DTester.TestMixedBC1</Test>
			<Test>./Poisson2DTester.TestQuadratic</Test>
			<Test>./Poisson2DTester.TestLinearWithHangingNodes</Test>
			<Test>./PoissonTester/std__integral_constant&lt;int,_2&gt;.MakeGrid</Test>
			<Test>./PoissonTester/std__integral_constant&lt;int,_3&gt;.MakeGrid</Test>
		</TestList>
		<Test Status="passed">
			<Name>Poisson2DTester.TestLinear</Name>
			<Path>.</Path>
			<FullName>./Poisson2DTester.TestLinear</FullName>
			<FullCommandLine>/workspaces/deal.ii-course-practice/build-container/gtest "--gtest_filter=Poisson2DTester.TestLinear" "--gtest_also_run_disabled_tests"</FullCommandLine>
			<Results>
				<NamedMeasurement type="numeric/double" name="Execution Time">
					<Value>0.483983</Value>
				</NamedMeasurement>
				<NamedMeasurement type="numeric/double" name="Processors">
					<Value>1</Value>
				</NamedMeasurement>
				<NamedMeasurement type="text/string" name="Completion Status">
					<Value>Completed</Value>
				</NamedMeasurement>
				<NamedMeasurement type="text/string" name="Command Line">
					<Value>/workspaces/deal.ii-course-practice/build-container/gtest "--gtest_filter=Poisson2DTester.TestLinear" "--gtest_also_run_disabled_tests"</Value>
				</NamedMeasurement>
				<Measurement>
					<Value encoding="base64" compression="gzip">eJyNUcFuwjAMvecrfByHVqKCaSBxmMTEgakg2E5VD4G6VaTEnhKX/f5SOlCHNMS75Cl+zrNfchacw4q5sQgfGARqYwU9LGDLJgSmbNldo0+7490Qaq+KxRUl7FoiQw2MQc79nt2Fh9YIpqpIrihhZfmgbV9HOhnP5JCiFiVpv27Ewzdv5lEF7D5zOKO8N2zeukNciGvQRzEnhCNaG+aQTZ8HtQobjxg6WkdSsYuKl1l06bFZ33WBp8kYXBg9PP5vAwiLtiP1WEYSnZKKv+nvD/yXPHhNaTTKBkZxn+3rfv+27FLrxan6AcoZoyk=</Value>
				</Measurement>
			</Results>
		</Test>
		<Test Status="passed">
			<Name>PoissonTester/std::integral_constant&lt;int, 1&gt;.MakeGrid</Name>
			<Path>.</Path>
			<FullName>./PoissonTester/std__integral_constant&lt;int,_1&gt;.MakeGrid</FullName>
			<FullCommandLine>/workspaces/deal.ii-course-practice/build-container/gtest "--gtest_filter=PoissonTester/0.MakeGrid" "--gtest_also_run_disabled_tests"</FullCommandLine>
			<Results>
				<NamedMeasurement type="numeric/double" name="Execution Time">
					<Value>0.533927</Value>
				</NamedMeasurement>
				<NamedMeasurement type="numeric/double" name="Processors">
					<Value>1</Value>
				</NamedMeasurement>
				<NamedMeasurement type="text/string" name="Completion Status">
					<Value>Completed</Value>
				</NamedMeasurement>
				<NamedMeasurement type="text/string" name="Command Line">
					<Value>/workspaces/deal.ii-course-practice/build-container/gtest "--gtest_filter=PoissonTester/0.MakeGrid" "--gtest_also_run_disabled_tests"</Value>
				</NamedMeasurement>
				<Measurement>
					<Value encoding="base64" compression="gzip">eJyNUcFKw0AQvecr5mihic3FQ7CCoOQgxtAqHkIo22Qal25myu6kxb9302jRQKXvtMy+mXnvTcaCCaTMjUF4RSew0UbQwhxy1s4x9UW017PoWW0xtboOivkJJSw6Ik0NxCDHbsvtz9t1WjAKivCEElLDa2WGf6S9tkwtkueihN1uRP49c6RmCocPtF7y5w5zZVXrBTupk0STYGOVWVVMThTJra9MIb4LCli8ZXBEed7cO9tt74cJau2tBFnXrn0evAFVid4jVGiMSyC+8RMHvDz9MxGu4hm0bnKxte8GEBZlJsFl+QkqG9Z8oL/XOXcVsIqi0SLvJr9fLh8f+nwGchR8AXPbq30=</Value>
				</Measurement>
			</Results>
		</Test>
		<Test Status="passed">
			<Name>Poisson2DTester.TestLinearWithHangingNodesUsingPars</Name>
			<Path>.</Path>
			<FullName>./Poisson2DTester.TestLinearWithHangingNodesUsingPars</FullName>
			<FullCommandLine>/workspaces/deal.ii-course-practice/build-container/gtest "--gtest_filter=Poisson2DTester.TestLinearWithHangingNodesUsingPars" "--gtest_also_run_disabled_tests"</FullCommandLine>
			<Results>
				<NamedMeasurement type="numeric/double" name="Execution Time">
					<Value>0.686218</Value>
				</NamedMeasurement>
				<NamedMeasurement type="numeric/double" name="Processors">
					<Value>1</Value>
				</NamedMeasurement>
				<NamedMeasurement type="text/string" name="Completion Status">
					<Value>Completed</Value>
				</NamedMeasurement>
				<NamedMeasurement type="text/string" name="Command Line">
					<Value>/workspaces/deal.ii-course-practice/build-container/gtest "--gtest_filter=Poisson2DTester.TestLinearWithHangingNodesUsingPars" "--gtest_also_run_disabled_tests"</Value>
				</NamedMeasurement>
				<Measurement>
					<Value encoding="base64" compression="gzip">eJydUU1rwkAQvedXzLEeElALtgEPBYuFljRopYeQw2omcWF3puxO7N/vxrSSCoL4LvuYNztvPjIWTGHJ3BiED/QCtTaCDuaQs/aeabLowuiS7nnThMp9atm/KGo0NRlX6Dc+sFw5HxXzE0pYtURBgDHIsbBj+8d9qwWTqIhPKGFpeKtMryMdtGOySCEXJW6/zpKHNc8ajQpYbTI4orxpiqy127ACrkHtRB8QdmiMT+FxNpAqbByi72gdSMU2hfHkPrj3eH+9zR3upjOwfnT1vL8fQFiUGUXXLVVCC3HF3/T/ZJdOBU5REoweBkZh0PxpvX5edGvuk5PoB8a7wMY=</Value>
				</Measurement>
			</Results>
		</Test>
		<Test Status="passed">
			<Name>Poisson2DTester.TestMixedBC1</Name>
			<Path>.</Path>
			<FullName>./Poisson2DTester.TestMixedBC1</FullName>
			<FullCommandLine>/workspaces/deal.ii-course-practice/build-container/gtest "--gtest_filter=Poisson2DTester.TestMixedBC1" "--gtest_also_run_disabled_tests"</FullCommandLine>
			<Results>
				<NamedMeasurement type="numeric/double" name="Execution Time">
					<Value>0.741865</Value>
				</NamedMeasurement>
				<NamedMeasurement type="numeric/double" name="Processors">
					<Value>1</Value>
				</NamedMeasurement>
				<NamedMeasurement type="text/string" name="Completion Status">
					<Value>Completed</Value>
				</NamedMeasurement>
				<NamedMeasurement type="text/string" name="Command Line">
					<Value>/workspaces/deal.ii-course-practice/build-container/gtest "--gtest_filter=Poisson2DTester.TestMixedBC1" "--gtest_also_run_disabled_tests"</Value>
				</NamedMeasurement>
				<Measurement>
					<Value encoding="base64" compression="gzip">eJyNUcFOwzAMvecrfGSHVrQwBJV2AIZ2QJRpg1PVQ7a6VaQkRok7+HySVZvKJGDvEst+8fOzS2IsYEHUaYQ39Ayt0owOZrAk5T3ZfB7T6NL4vKgvbB4eM1HNjqhh1VurbAcZ8L6DI3OIfa8YU1ElR9Sw0LSReqij3SlH1qANXOSk/zghj3ueTCQqWL2XsEf997hlbzbBFLUgt6x2CFvU2heQT29GtQY7h+hj2IagIVNAdnl7F4QGvD7/IwQX+fUVGD8528ThBzCx1BNx3qoYpUsa+rQ/D/HbAcBJm0al6UgpmFrer9dP87i9gZ2Kb+FVpOs=</Value>
				</Measurement>
			</Results>
		</Test>
		<Test Status="passed">
			<Name>Poisson2DTester.TestQuadratic</Name>
			<Path>.</Path>
			<FullName>./Poisson2DTester.TestQuadratic</FullName>
			<FullCommandLine>/workspaces/deal.ii-course-practice/build-container/gtest "--gtest_filter=Poisson2DTester.TestQuadratic" "--gtest_also_run_disabled_tests"</FullCommandLine>
			<Results>
				<NamedMeasurement type="numeric/double" name="Execution Time">
					<Value>0.758267</Value>
				</NamedMeasurement>
				<NamedMeasurement type="numeric/double" name="Processors">
					<Value>1</Value>
				</NamedMeasurement>
				<NamedMeasurement type="text/string" name="Completion Status">
					<Value>Completed</Value>
				</NamedMeasurement>
				<NamedMeasurement type="text/string" name="Command Line">
					<Value>/workspaces/deal.ii-course-practice/build-container/gtest "--gtest_filter=Poisson2DTester.TestQuadratic" "--gtest_also_run_disabled_tests"</Value>
				</NamedMeasurement>
				<Measurement>
					<Value encoding="base64" compression="gzip">eJyNUcFqwzAMvfsrdGwPCW3YRhfoYdDRwyDt2u0UcnATJRhsq9hy9/tzGlq6wGjfxUJ61tOTCmLMYU3UaYQv9Ayt0owOlrAl5T3ZbNWn0aX98xlk4ySrWpTLKyrYBWuV7WAOfG7hyFxiHxRjKsrkigrWmg5SD3W0J+XIGrSRi5yE44h823M0kihh913AGdWdeYtgDtEWtSBrVieEGrX2OWTPLze1BjuH6PuwjUFDJof5bPEalQZsPu4pwSR7WoDx04dtXH4AE0s9FY8ti1G6pKEf+/cU/50AnLTpWCm62r7t9++rfn8DOxW/Rkynyw==</Value>
				</Measurement>
			</Results>
		</Test>
		<Test Status="passed">
			<Name>Poisson2DTester.TestLinearWithHangingNodes</Name>
			<Path>.</Path>
			<FullName>./Poisson2DTester.TestLinearWithHangingNodes</FullName>
			<FullCommandLine>/workspaces/deal.ii-course-practice/build-container/gtest "--gtest_filter=Poisson2DTester.TestLinearWithHangingNodes" "--gtest_also_run_disabled_tests"</FullCommandLine>
			<Results>
				<NamedMeasurement type="numeric/double" name="Execution Time">
					<Value>0.795255</Value>
				</NamedMeasurement>
				<NamedMeasurement type="numeric/double" name="Processors">
					<Value>1</Value>
				</NamedMeasurement>
				<NamedMeasurement type="text/string" name="Completion Status">
					<Value>Completed</Value>
				</NamedMeasurement>
				<NamedMeasurement type="text/string" name="Command Line">
					<Value>/workspaces/deal.ii-course-practice/build-container/gtest "--gtest_filter=Poisson2DTester.TestLinearWithHangingNodes" "--gtest_also_run_disabled_tests"</Value>
				</NamedMeasurement>
				<Measurement>
					<Value encoding="base64" compression="gzip">eJyVUU1rwkAQvedXzLEeEkikxQY8FCwWWlLRlh5CDquZxIXdmbI7sX+/G4NiAwV9l33Mm503HwUL5rBkbg3CB3qBRhtBB3NYsfaeKVv0YXRJ/7xpQuW+tOxfFLWa2oJr9FE5P6OCdUcUFEhBjvUc2xP3nRZMojI+o4Kl4a0yg4500I7JIoVclLj7HiVf1hz1F5Ww/izgiOqW5ovObsPA3IDaiT4g7NAYn0N2/3Ch1dg6RN/TJpCabQ5pms2C7YD315ts4W46ewTrJ1cPePoBwqLMJLpujRK845p/6O+R/jsOOEXJ2CmMuHrabJ4X/WaH7CT6BRH7twE=</Value>
				</Measurement>
			</Results>
		</Test>
		<Test Status="passed">
			<Name>PoissonTester/std::integral_constant&lt;int, 2&gt;.MakeGrid</Name>
			<Path>.</Path>
			<FullName>./PoissonTester/std__integral_constant&lt;int,_2&gt;.MakeGrid</FullName>
			<FullCommandLine>/workspaces/deal.ii-course-practice/build-container/gtest "--gtest_filter=PoissonTester/1.MakeGrid" "--gtest_also_run_disabled_tests"</FullCommandLine>
			<Results>
				<NamedMeasurement type="numeric/double" name="Execution Time">
					<Value>0.332892</Value>
				</NamedMeasurement>
				<NamedMeasurement type="numeric/double" name="Processors">
					<Value>1</Value>
				</NamedMeasurement>
				<NamedMeasurement type="text/string" name="Completion Status">
					<Value>Completed</Value>
				</NamedMeasurement>
				<NamedMeasurement type="text/string" name="Command Line">
					<Value>/workspaces/deal.ii-course-practice/build-container/gtest "--gtest_filter=PoissonTester/1.MakeGrid" "--gtest_also_run_disabled_tests"</Value>
				</NamedMeasurement>
				<Measurement>
					<Value encoding="base64" compression="gzip">eJyNUcFqwkAQvecr5ljBpBioh1ALhZYcStOgLT2EIGsypoubGdmdKP37bgyVKlh8p2X27dv33mQsmEDK3BiEd3QCa20ELcwgZ+0cUz9EezuJXtUGU6vroJgdUcK8I9LUwATk8Npy+3t2nRaMgiI8ooTU8EqZ4R5ppy1Ti+S5KGG3PSP/1TxzM4b9F1pv+XuLubKq9Yad1EmiSbCxyiwrJieK5N5PxhA/BAXMPzI4oLwc7pPtps/DBLVuIQ6yrl35PngNqhK9Q6jQGJdAfDf1kgPeXv6RhJsptG50dbSBD8KizCi4rj5BZcOa93S6nEtLAasoOv3HR8kfF4vnp76dgRsFPz+tqzk=</Value>
				</Measurement>
			</Results>
		</Test>
		<Test Status="passed">
			<Name>PoissonTester/std::integral_constant&lt;int, 3&gt;.MakeGrid</Name>
			<Path>.</Path>
			<FullName>./PoissonTester/std__integral_constant&lt;int,_3&gt;.MakeGrid</FullName>
			<FullCommandLine>/workspaces/deal.ii-course-practice/build-container/gtest "--gtest_filter=PoissonTester/2.MakeGrid" "--gtest_also_run_disabled_tests"</FullCommandLine>
			<Results>
				<NamedMeasurement type="numeric/double" name="Execution Time">
					<Value>0.469402</Value>
				</NamedMeasurement>
				<NamedMeasurement type="numeric/double" name="Processors">
					<Value>1</Value>
				</NamedMeasurement>
				<NamedMeasurement type="text/string" name="Completion Status">
					<Value>Completed</Value>
				</NamedMeasurement>
				<NamedMeasurement type="text/string" name="Command Line">
					<Value>/workspaces/deal.ii-course-practice/build-container/gtest "--gtest_filter=PoissonTester/2.MakeGrid" "--gtest_also_run_disabled_tests"</Value>
				</NamedMeasurement>
				<Measurement>
					<Value encoding="base64" compression="gzip">eJyNUcFqwkAQve9XzLGCSWu1hYZaKLR4KE2DWnoIUlYz2sXNjOxOlP59NwalDVh8p2X2zcx7b1IWTGDEvLIIU/QCS2MFHQwhY+M9U11Ed3kdv+o1jpwpVD48YgbjisjQCnog+27H5eHtKyMYqzw6YgYjy3Ntm3+krXFMJVLgokTVpkX+PbOlpgu7L3RB8vcGM+10GQR7KZLEkODKafu5YPKiSe5DpQv9B5XD+D2FPWanzX2wW9d+mKAwJfRVWpXzkAcvQS/EbBEWaK1PYHB1dxtmNnh7+WcmXPQGN1D6ztnuDh0gLNp21HkZCmoXFbyjvxc6dRlwmuL2pmAoe5xMnp/qkBp2rH4AnnSsog==</Value>
				</Measurement>
			</Results>
		</Test>
		<EndDateTime>May 24 06:09 UTC</EndDateTime>
		<EndTestTime>1621836546</EndTestTime>
		<ElapsedMinutes>0</ElapsedMinutes>
	</Testing>
</Site>
